[2019-01-15 17:25:38,007] multiqc                                            [DEBUG  ]  No MultiQC config found: /opt/miniconda3/lib/python3.6/site-packages/multiqc_config.yaml
[2019-01-15 17:25:38,007] multiqc                                            [DEBUG  ]  No MultiQC config found: /home/leannediss/.multiqc_config.yaml
[2019-01-15 17:25:38,007] multiqc                                            [DEBUG  ]  No MultiQC config found: multiqc_config.yaml
[2019-01-15 17:25:38,007] multiqc                                            [DEBUG  ]  Command used: /opt/miniconda3/bin/multiqc .
[2019-01-15 17:25:38,935] multiqc                                            [WARNING]  MultiQC Version v1.7 now available!
[2019-01-15 17:25:38,936] multiqc                                            [INFO   ]  This is MultiQC v1.6
[2019-01-15 17:25:38,936] multiqc                                            [DEBUG  ]  Command     : /opt/miniconda3/bin/multiqc .
[2019-01-15 17:25:38,936] multiqc                                            [DEBUG  ]  Working dir : /home/leannediss/work/trim
[2019-01-15 17:25:38,937] multiqc                                            [INFO   ]  Template    : default
[2019-01-15 17:25:38,937] multiqc                                            [INFO   ]  Searching '.'
[2019-01-15 17:25:38,938] multiqc                                            [DEBUG  ]  Analysing modules: custom_content, conpair, peddy, methylQA, qualimap, preseq, quast, qorts, rna_seqc, rsem, rseqc, busco, goleft_indexcov, disambiguate, supernova, deeptools, sargasso, verifybamid, mirtrace, happy, homer, macs2, theta2, snpeff, gatk, htseq, bcftools, featureCounts, dedup, picard, prokka, samblaster, samtools, bamtools, jellyfish, vcftools, longranger, bbmap, bismark, hicexplorer, hicup, hicpro, salmon, kallisto, slamdunk, star, hisat2, tophat, bowtie2, bowtie1, kat, leehom, adapterRemoval, clipandmerge, cutadapt, flexbar, trimmomatic, skewer, sortmerna, biobloomtools, fastq_screen, afterqc, fastp, fastqc, clusterflow, bcl2fastq, interop
[2019-01-15 17:25:38,938] multiqc                                            [DEBUG  ]  Using temporary directory for creating report: /tmp/tmpgy0vlwwi
[2019-01-15 17:25:39,012] multiqc                                            [DEBUG  ]  Ignoring file as matched an ignore pattern: 6Hour_CGATGT_L002_R2_003.fastq
[2019-01-15 17:25:39,012] multiqc                                            [DEBUG  ]  Ignoring file as matched an ignore pattern: 0Hour_ATCACG_L002_R2_005.fastq
[2019-01-15 17:25:39,013] multiqc                                            [DEBUG  ]  Ignoring file as matched an ignore pattern: 0Hour_ATCACG_L002_R1_003.fastq
[2019-01-15 17:25:39,013] multiqc                                            [DEBUG  ]  Ignoring file as matched an ignore pattern: 6Hour_CGATGT_L002_R2_001.fastq
[2019-01-15 17:25:39,024] multiqc                                            [DEBUG  ]  Ignoring file as matched an ignore pattern: 0Hour_ATCACG_L002_R1_004.qc.fq.gz
[2019-01-15 17:25:39,024] multiqc                                            [DEBUG  ]  Ignoring file as matched an ignore pattern: 6Hour_CGATGT_L002_R1_003.fastq
[2019-01-15 17:25:39,024] multiqc                                            [DEBUG  ]  Ignoring file as matched an ignore pattern: 6Hour_CGATGT_L002_R2_002.fastq
[2019-01-15 17:25:39,025] multiqc                                            [DEBUG  ]  Ignoring file as matched an ignore pattern: 6Hour_CGATGT_L002_R1_002.qc.fq.gz
[2019-01-15 17:25:39,025] multiqc                                            [DEBUG  ]  Ignoring file as matched an ignore pattern: 6Hour_CGATGT_L002_R1_004.fastq
[2019-01-15 17:25:39,025] multiqc                                            [DEBUG  ]  Ignoring file as matched an ignore pattern: 6Hour_CGATGT_L002_R1_001.fastq
[2019-01-15 17:25:39,026] multiqc                                            [DEBUG  ]  Ignoring file as matched an ignore pattern: 0Hour_ATCACG_L002_R1_003.qc_fastqc.html
[2019-01-15 17:25:39,026] multiqc                                            [DEBUG  ]  Ignoring file as matched an ignore pattern: 6Hour_CGATGT_L002_R2_005.qc_fastqc.html
[2019-01-15 17:25:39,026] multiqc                                            [DEBUG  ]  Ignoring file as matched an ignore pattern: 0Hour_ATCACG_L002_R2_004.qc.fq.gz
[2019-01-15 17:25:39,026] multiqc                                            [DEBUG  ]  Ignoring file as matched an ignore pattern: 6Hour_CGATGT_L002_R2_004.qc.fq.gz
[2019-01-15 17:25:39,027] multiqc                                            [DEBUG  ]  Ignoring file as matched an ignore pattern: combined.fa
[2019-01-15 17:25:39,027] multiqc                                            [DEBUG  ]  Ignoring file as matched an ignore pattern: 0Hour_ATCACG_L002_R1_003.qc.fq.gz
[2019-01-15 17:25:39,027] multiqc                                            [DEBUG  ]  Ignoring file as matched an ignore pattern: 0Hour_ATCACG_L002_R1_001.fastq
[2019-01-15 17:25:39,028] multiqc                                            [DEBUG  ]  Ignoring file as matched an ignore pattern: 0Hour_ATCACG_L002_R1_005.qc.fq.gz
[2019-01-15 17:25:39,028] multiqc                                            [DEBUG  ]  Ignoring file as matched an ignore pattern: 6Hour_CGATGT_L002_R2_004.fastq
[2019-01-15 17:25:39,029] multiqc                                            [DEBUG  ]  Ignoring file as matched an ignore pattern: 0Hour_ATCACG_L002_R2_005.qc.fq.gz
[2019-01-15 17:25:39,029] multiqc                                            [DEBUG  ]  Ignoring file as matched an ignore pattern: 6Hour_CGATGT_L002_R1_005.fastq
[2019-01-15 17:25:39,030] multiqc                                            [DEBUG  ]  Ignoring file as matched an ignore pattern: 0Hour_ATCACG_L002_R2_001.qc.fq.gz
[2019-01-15 17:25:39,030] multiqc                                            [DEBUG  ]  Ignoring file as matched an ignore pattern: 0Hour_ATCACG_L002_R2_004.qc_fastqc.html
[2019-01-15 17:25:39,031] multiqc                                            [DEBUG  ]  Ignoring file as matched an ignore pattern: 6Hour_CGATGT_L002_R1_005.qc.fq.gz
[2019-01-15 17:25:39,031] multiqc                                            [DEBUG  ]  Ignoring file as matched an ignore pattern: 6Hour_CGATGT_L002_R1_002.qc_fastqc.html
[2019-01-15 17:25:39,033] multiqc                                            [DEBUG  ]  Ignoring file as matched an ignore pattern: 0Hour_ATCACG_L002_R2_005.qc_fastqc.html
[2019-01-15 17:25:39,034] multiqc                                            [DEBUG  ]  Ignoring file as matched an ignore pattern: 6Hour_CGATGT_L002_R1_003.qc.fq.gz
[2019-01-15 17:25:39,034] multiqc                                            [DEBUG  ]  Ignoring file as matched an ignore pattern: 0Hour_ATCACG_L002_R1_002.qc.fq.gz
[2019-01-15 17:25:39,035] multiqc                                            [DEBUG  ]  Ignoring file as matched an ignore pattern: orphans.qc.fq.gz
[2019-01-15 17:25:39,035] multiqc                                            [DEBUG  ]  Ignoring file as matched an ignore pattern: 6Hour_CGATGT_L002_R1_001.qc_fastqc.html
[2019-01-15 17:25:39,036] multiqc                                            [DEBUG  ]  Ignoring file as matched an ignore pattern: 6Hour_CGATGT_L002_R2_001.qc_fastqc.html
[2019-01-15 17:25:39,036] multiqc                                            [DEBUG  ]  Ignoring file as matched an ignore pattern: 6Hour_CGATGT_L002_R2_002.qc_fastqc.html
[2019-01-15 17:25:39,037] multiqc                                            [DEBUG  ]  Ignoring file as matched an ignore pattern: 0Hour_ATCACG_L002_R2_003.qc_fastqc.html
[2019-01-15 17:25:39,037] multiqc                                            [DEBUG  ]  Ignoring file as matched an ignore pattern: 6Hour_CGATGT_L002_R2_003.qc.fq.gz
[2019-01-15 17:25:39,037] multiqc                                            [DEBUG  ]  Ignoring file as matched an ignore pattern: 6Hour_CGATGT_L002_R2_001.qc.fq.gz
[2019-01-15 17:25:39,038] multiqc                                            [DEBUG  ]  Ignoring file as matched an ignore pattern: 6Hour_CGATGT_L002_R1_002.fastq
[2019-01-15 17:25:39,038] multiqc                                            [DEBUG  ]  Ignoring file as matched an ignore pattern: 0Hour_ATCACG_L002_R1_002.qc_fastqc.html
[2019-01-15 17:25:39,039] multiqc                                            [DEBUG  ]  Ignoring file as matched an ignore pattern: 0Hour_ATCACG_L002_R2_001.qc_fastqc.html
[2019-01-15 17:25:39,039] multiqc                                            [DEBUG  ]  Ignoring file as matched an ignore pattern: 6Hour_CGATGT_L002_R2_003.qc_fastqc.html
[2019-01-15 17:25:39,039] multiqc                                            [DEBUG  ]  Ignoring file as matched an ignore pattern: 0Hour_ATCACG_L002_R1_004.fastq
[2019-01-15 17:25:39,039] multiqc                                            [DEBUG  ]  Ignoring file as matched an ignore pattern: 6Hour_CGATGT_L002_R2_004.qc_fastqc.html
[2019-01-15 17:25:39,040] multiqc                                            [DEBUG  ]  Ignoring file as matched an ignore pattern: 0Hour_ATCACG_L002_R1_004.qc_fastqc.html
[2019-01-15 17:25:39,040] multiqc                                            [DEBUG  ]  Ignoring file as matched an ignore pattern: 0Hour_ATCACG_L002_R1_005.qc_fastqc.html
[2019-01-15 17:25:39,041] multiqc                                            [DEBUG  ]  Ignoring file as matched an ignore pattern: 0Hour_ATCACG_L002_R1_002.fastq
[2019-01-15 17:25:39,041] multiqc                                            [DEBUG  ]  Ignoring file as matched an ignore pattern: 0Hour_ATCACG_L002_R2_003.qc.fq.gz
[2019-01-15 17:25:39,042] multiqc                                            [DEBUG  ]  Ignoring file as matched an ignore pattern: 6Hour_CGATGT_L002_R1_001.qc.fq.gz
[2019-01-15 17:25:39,042] multiqc                                            [DEBUG  ]  Ignoring file as matched an ignore pattern: 0Hour_ATCACG_L002_R1_001.qc.fq.gz
[2019-01-15 17:25:39,043] multiqc                                            [DEBUG  ]  Ignoring file as matched an ignore pattern: 6Hour_CGATGT_L002_R2_005.fastq
[2019-01-15 17:25:39,043] multiqc                                            [DEBUG  ]  Ignoring file as matched an ignore pattern: 0Hour_ATCACG_L002_R2_003.fastq
[2019-01-15 17:25:39,043] multiqc                                            [DEBUG  ]  Ignoring file as matched an ignore pattern: 0Hour_ATCACG_L002_R2_002.qc_fastqc.html
[2019-01-15 17:25:39,043] multiqc                                            [DEBUG  ]  Ignoring file as matched an ignore pattern: 0Hour_ATCACG_L002_R2_002.qc.fq.gz
[2019-01-15 17:25:39,044] multiqc                                            [DEBUG  ]  Ignoring file as matched an ignore pattern: 0Hour_ATCACG_L002_R2_004.fastq
[2019-01-15 17:25:39,044] multiqc                                            [DEBUG  ]  Ignoring file as matched an ignore pattern: 6Hour_CGATGT_L002_R2_002.qc.fq.gz
[2019-01-15 17:25:39,045] multiqc                                            [DEBUG  ]  Ignoring file as matched an ignore pattern: 0Hour_ATCACG_L002_R2_002.fastq
[2019-01-15 17:25:39,045] multiqc                                            [DEBUG  ]  Ignoring file as matched an ignore pattern: 0Hour_ATCACG_L002_R1_001.qc_fastqc.html
[2019-01-15 17:25:39,045] multiqc                                            [DEBUG  ]  Ignoring file as matched an ignore pattern: 6Hour_CGATGT_L002_R1_005.qc_fastqc.html
[2019-01-15 17:25:39,045] multiqc                                            [DEBUG  ]  Ignoring file as matched an ignore pattern: 6Hour_CGATGT_L002_R2_005.qc.fq.gz
[2019-01-15 17:25:39,046] multiqc                                            [DEBUG  ]  Ignoring file as matched an ignore pattern: 6Hour_CGATGT_L002_R1_004.qc_fastqc.html
[2019-01-15 17:25:39,046] multiqc                                            [DEBUG  ]  Ignoring file as matched an ignore pattern: 0Hour_ATCACG_L002_R1_005.fastq
[2019-01-15 17:25:39,047] multiqc                                            [DEBUG  ]  Ignoring file as matched an ignore pattern: 6Hour_CGATGT_L002_R1_004.qc.fq.gz
[2019-01-15 17:25:39,047] multiqc                                            [DEBUG  ]  Ignoring file as matched an ignore pattern: 0Hour_ATCACG_L002_R2_001.fastq
[2019-01-15 17:25:39,047] multiqc                                            [DEBUG  ]  Ignoring file as matched an ignore pattern: 6Hour_CGATGT_L002_R1_003.qc_fastqc.html
[2019-01-15 17:25:39,368] multiqc                                            [DEBUG  ]  No samples found: custom_content
[2019-01-15 17:25:39,373] multiqc                                            [DEBUG  ]  No samples found: conpair
[2019-01-15 17:25:39,403] multiqc                                            [DEBUG  ]  No samples found: peddy
[2019-01-15 17:25:39,408] multiqc                                            [DEBUG  ]  No samples found: methylQA
[2019-01-15 17:25:39,415] multiqc                                            [DEBUG  ]  No samples found: qualimap
[2019-01-15 17:25:39,420] multiqc                                            [DEBUG  ]  No samples found: preseq
[2019-01-15 17:25:39,426] multiqc                                            [DEBUG  ]  No samples found: quast
[2019-01-15 17:25:39,431] multiqc                                            [DEBUG  ]  No samples found: qorts
[2019-01-15 17:25:39,436] multiqc                                            [DEBUG  ]  No samples found: rna_seqc
[2019-01-15 17:25:39,442] multiqc                                            [DEBUG  ]  No samples found: rsem
[2019-01-15 17:25:39,450] multiqc                                            [DEBUG  ]  No samples found: rseqc
[2019-01-15 17:25:39,455] multiqc                                            [DEBUG  ]  No samples found: busco
[2019-01-15 17:25:39,461] multiqc                                            [DEBUG  ]  No samples found: goleft_indexcov
[2019-01-15 17:25:39,466] multiqc                                            [DEBUG  ]  No samples found: disambiguate
[2019-01-15 17:25:39,471] multiqc                                            [DEBUG  ]  No samples found: supernova
[2019-01-15 17:25:39,479] multiqc                                            [DEBUG  ]  No samples found: deeptools
[2019-01-15 17:25:39,484] multiqc                                            [DEBUG  ]  No samples found: sargasso
[2019-01-15 17:25:39,490] multiqc                                            [DEBUG  ]  No samples found: verifybamid
[2019-01-15 17:25:39,495] multiqc                                            [DEBUG  ]  No samples found: mirtrace
[2019-01-15 17:25:39,500] multiqc                                            [DEBUG  ]  No samples found: happy
[2019-01-15 17:25:39,506] multiqc                                            [DEBUG  ]  No samples found: homer
[2019-01-15 17:25:39,512] multiqc                                            [DEBUG  ]  No samples found: macs2
[2019-01-15 17:25:39,517] multiqc                                            [DEBUG  ]  No samples found: theta2
[2019-01-15 17:25:39,522] multiqc                                            [DEBUG  ]  No samples found: snpeff
[2019-01-15 17:25:39,529] multiqc                                            [DEBUG  ]  No samples found: gatk
[2019-01-15 17:25:39,534] multiqc                                            [DEBUG  ]  No samples found: htseq
[2019-01-15 17:25:39,540] multiqc                                            [DEBUG  ]  No samples found: bcftools
[2019-01-15 17:25:39,545] multiqc                                            [DEBUG  ]  No samples found: featureCounts
[2019-01-15 17:25:39,551] multiqc                                            [DEBUG  ]  No samples found: dedup
[2019-01-15 17:25:39,560] multiqc                                            [DEBUG  ]  No samples found: picard
[2019-01-15 17:25:39,565] multiqc                                            [DEBUG  ]  No samples found: prokka
[2019-01-15 17:25:39,571] multiqc                                            [DEBUG  ]  No samples found: samblaster
[2019-01-15 17:25:39,577] multiqc                                            [DEBUG  ]  No samples found: samtools
[2019-01-15 17:25:39,582] multiqc                                            [DEBUG  ]  No samples found: bamtools
[2019-01-15 17:25:39,587] multiqc                                            [DEBUG  ]  No samples found: jellyfish
[2019-01-15 17:25:39,593] multiqc                                            [DEBUG  ]  No samples found: vcftools
[2019-01-15 17:25:39,600] multiqc                                            [DEBUG  ]  No samples found: longranger
[2019-01-15 17:25:39,608] multiqc                                            [DEBUG  ]  No samples found: bbmap
[2019-01-15 17:25:39,613] multiqc                                            [DEBUG  ]  No samples found: bismark
[2019-01-15 17:25:39,617] multiqc                                            [DEBUG  ]  No samples found: hicexplorer
[2019-01-15 17:25:39,621] multiqc                                            [DEBUG  ]  No samples found: hicup
[2019-01-15 17:25:39,626] multiqc                                            [DEBUG  ]  No samples found: hicpro
[2019-01-15 17:25:39,630] multiqc                                            [DEBUG  ]  No samples found: salmon
[2019-01-15 17:25:39,634] multiqc                                            [DEBUG  ]  No samples found: kallisto
[2019-01-15 17:25:39,638] multiqc                                            [DEBUG  ]  No samples found: slamdunk
[2019-01-15 17:25:39,642] multiqc                                            [DEBUG  ]  No samples found: star
[2019-01-15 17:25:39,646] multiqc                                            [DEBUG  ]  No samples found: hisat2
[2019-01-15 17:25:39,650] multiqc                                            [DEBUG  ]  No samples found: tophat
[2019-01-15 17:25:39,654] multiqc                                            [DEBUG  ]  No samples found: bowtie2
[2019-01-15 17:25:39,658] multiqc                                            [DEBUG  ]  No samples found: bowtie1
[2019-01-15 17:25:39,662] multiqc                                            [DEBUG  ]  No samples found: kat
[2019-01-15 17:25:39,666] multiqc                                            [DEBUG  ]  No samples found: leehom
[2019-01-15 17:25:39,670] multiqc                                            [DEBUG  ]  No samples found: adapterRemoval
[2019-01-15 17:25:39,674] multiqc                                            [DEBUG  ]  No samples found: clipandmerge
[2019-01-15 17:25:39,678] multiqc                                            [DEBUG  ]  No samples found: cutadapt
[2019-01-15 17:25:39,681] multiqc                                            [DEBUG  ]  No samples found: flexbar
[2019-01-15 17:25:39,685] multiqc                                            [DEBUG  ]  No samples found: trimmomatic
[2019-01-15 17:25:39,689] multiqc                                            [DEBUG  ]  No samples found: skewer
[2019-01-15 17:25:39,693] multiqc                                            [DEBUG  ]  No samples found: sortmerna
[2019-01-15 17:25:39,697] multiqc                                            [DEBUG  ]  No samples found: biobloomtools
[2019-01-15 17:25:39,701] multiqc                                            [DEBUG  ]  No samples found: fastq_screen
[2019-01-15 17:25:39,705] multiqc                                            [DEBUG  ]  No samples found: afterqc
[2019-01-15 17:25:39,708] multiqc                                            [DEBUG  ]  No samples found: fastp
[2019-01-15 17:25:39,815] multiqc.modules.fastqc.fastqc                      [INFO   ]  Found 20 reports
[2019-01-15 17:25:40,336] multiqc                                            [DEBUG  ]  No samples found: clusterflow
[2019-01-15 17:25:40,340] multiqc                                            [DEBUG  ]  No samples found: bcl2fastq
[2019-01-15 17:25:40,344] multiqc                                            [DEBUG  ]  No samples found: interop
[2019-01-15 17:25:40,385] multiqc                                            [INFO   ]  Compressing plot data
[2019-01-15 17:25:40,809] multiqc                                            [INFO   ]  Report      : multiqc_report.html
[2019-01-15 17:25:40,809] multiqc                                            [INFO   ]  Data        : multiqc_data
[2019-01-15 17:25:40,810] multiqc                                            [DEBUG  ]  Moving data file from '/tmp/tmpgy0vlwwi/multiqc_data/multiqc_data.json' to '/home/leannediss/work/trim/multiqc_data'
[2019-01-15 17:25:40,810] multiqc                                            [DEBUG  ]  Moving data file from '/tmp/tmpgy0vlwwi/multiqc_data/multiqc_fastqc.txt' to '/home/leannediss/work/trim/multiqc_data'
[2019-01-15 17:25:40,810] multiqc                                            [DEBUG  ]  Moving data file from '/tmp/tmpgy0vlwwi/multiqc_data/multiqc_general_stats.txt' to '/home/leannediss/work/trim/multiqc_data'
[2019-01-15 17:25:40,810] multiqc                                            [DEBUG  ]  Moving data file from '/tmp/tmpgy0vlwwi/multiqc_data/multiqc_sources.txt' to '/home/leannediss/work/trim/multiqc_data'
[2019-01-15 17:25:40,957] multiqc                                            [INFO   ]  MultiQC complete
